<?xml version="1.0" encoding="UTF-8"?>
<testng-results ignored="0" total="1" passed="1" failed="0" skipped="0">
  <reporter-output>
  </reporter-output>
  <suite started-at="2024-05-07T15:20:12 IST" name="Default suite" finished-at="2024-05-07T15:21:39 IST" duration-ms="87018">
    <groups>
      <group name="cucumber">
        <method signature="AbstractTestNGCucumberTests.runScenario(io.cucumber.testng.PickleWrapper,io.cucumber.testng.FeatureWrapper)[pri:0, instance:com.runner.runnercls@1e13529a]" name="runScenario" class="io.cucumber.testng.AbstractTestNGCucumberTests"/>
      </group> <!-- cucumber -->
    </groups>
    <test started-at="2024-05-07T15:20:12 IST" name="Default test" finished-at="2024-05-07T15:21:39 IST" duration-ms="87018">
      <class name="com.runner.runnercls">
        <test-method is-config="true" signature="setUpClass(org.testng.ITestContext)[pri:0, instance:com.runner.runnercls@1e13529a]" started-at="2024-05-07T15:20:12 IST" name="setUpClass" finished-at="2024-05-07T15:20:13 IST" duration-ms="1094" status="PASS">
          <params>
            <param index="0">
              <value>
                <![CDATA[org.testng.TestRunner@27e44e9c]]>
              </value>
            </param>
          </params>
          <reporter-output>
          </reporter-output>
        </test-method> <!-- setUpClass -->
        <test-method signature="runScenario(io.cucumber.testng.PickleWrapper,io.cucumber.testng.FeatureWrapper)[pri:0, instance:com.runner.runnercls@1e13529a]" started-at="2024-05-07T15:20:13 IST" name="runScenario" description="Runs Cucumber Scenarios" data-provider="scenarios" finished-at="2024-05-07T15:21:36 IST" duration-ms="82777" status="PASS">
          <params>
            <param index="0">
              <value>
                <![CDATA["Title of your scenario"]]>
              </value>
            </param>
            <param index="1">
              <value>
                <![CDATA["Title of your feature"]]>
              </value>
            </param>
          </params>
          <reporter-output>
          </reporter-output>
        </test-method> <!-- runScenario -->
        <test-method is-config="true" signature="tearDownClass()[pri:0, instance:com.runner.runnercls@1e13529a]" started-at="2024-05-07T15:21:36 IST" name="tearDownClass" finished-at="2024-05-07T15:21:39 IST" duration-ms="2889" status="PASS">
          <reporter-output>
          </reporter-output>
        </test-method> <!-- tearDownClass -->
      </class> <!-- com.runner.runnercls -->
    </test> <!-- Default test -->
  </suite> <!-- Default suite -->
</testng-results>
